(venv) (base) PS C:\Document\dev\finetuning-tutorial\src> python .\train.py
2024-12-18 11:25:32,577 - sentiment_analysis - INFO - Loading dataset...
2024-12-18 11:25:36,474 - sentiment_analysis - INFO - Creating model...
Some weights of BertForSequenceClassification were not initialized from the model checkpoint at cl-tohoku/bert-base-japanese-v3 and are newly initialized: ['classifier.bias', 'classifier.weight']
You should probably TRAIN this model on a down-stream task to be able to use it for predictions and inference.
2024-12-18 11:25:37,950 - sentiment_analysis - INFO - Evaluating model before training...
2024-12-18 11:25:50,801 - sentiment_analysis - INFO - === Initial Model Performance ===
2024-12-18 11:25:50,801 - sentiment_analysis - INFO - === Test Results ===
Accuracy: 0.3297
F1-score: 0.2687
Precision: 0.2901
Precision: 0.2901
Recall: 0.3297
2024-12-18 11:25:50,802 - sentiment_analysis - INFO - Starting training... 
Training: 100%|███████████████████████| 7500/7500 [13:40<00:00,  9.15it/s] 
2024-12-18 11:39:31,176 - sentiment_analysis - INFO - Epoch: 1 - Loss: 0.46Precision: 0.2901
Recall: 0.3297
2024-12-18 11:25:50,802 - sentiment_analysis - INFO - Starting training... 
Training: 100%|███████████████████████| 7500/7500 [13:40<00:00,  9.15it/s] 
Precision: 0.2901
Recall: 0.3297
2024-12-18 11:25:50,802 - sentiment_analysis - INFO - Starting training... 
Precision: 0.2901
Recall: 0.3297
Precision: 0.2901
Precision: 0.2901
Recall: 0.3297
2024-12-18 11:25:50,802 - sentiment_analysis - INFO - Starting training... 
Training: 100%|███████████████████████| 7500/7500 [13:40<00:00,  9.15it/s] 
2024-12-18 11:39:31,176 - sentiment_analysis - INFO - Epoch: 1 - Loss: 0.4627 - Accuracy: 0.8089 - F1: 0.8079
2024-12-18 11:39:38,134 - sentiment_analysis - INFO - === Validation Results ===
Accuracy: 0.8363
F1-score: 0.8349
Precision: 0.8351
Recall: 0.8363
Training: 100%|███████████████████████| 7500/7500 [13:45<00:00,  9.09it/s] 
2024-12-18 11:53:23,585 - sentiment_analysis - INFO - Epoch: 2 - Loss: 0.3649 - Accuracy: 0.8554 - F1: 0.8547
2024-12-18 11:53:30,464 - sentiment_analysis - INFO - === Validation Results ===
Accuracy: 0.8410
F1-score: 0.8397
Precision: 0.8393
Recall: 0.8410
Training: 100%|███████████████████████| 7500/7500 [13:27<00:00,  9.28it/s]
2024-12-18 12:06:58,691 - sentiment_analysis - INFO - Epoch: 3 - Loss: 0.2825 - Accuracy: 0.8915 - F1: 0.8911
2024-12-18 12:07:05,617 - sentiment_analysis - INFO - === Validation Results ===
Accuracy: 0.8283
F1-score: 0.8254
Precision: 0.8259
Recall: 0.8283
2024-12-18 12:07:05,617 - sentiment_analysis - INFO - Evaluating model after training...
2024-12-18 12:07:12,562 - sentiment_analysis - INFO - === Final Model Performance ===
2024-12-18 12:07:12,563 - sentiment_analysis - INFO - === Test Results ===
Accuracy: 0.8303
F1-score: 0.8281
Precision: 0.8281
Recall: 0.8303
2024-12-18 12:07:12,563 - sentiment_analysis - INFO - === Performance Improvement ===
2024-12-18 12:07:12,563 - sentiment_analysis - INFO - Accuracy improvement: 0.5007
2024-12-18 12:07:12,564 - sentiment_analysis - INFO - F1-score improvement: 0.5594
2024-12-18 12:07:13,196 - sentiment_analysis - INFO - Model saved successfully!